<?xml version="1.0" encoding="UTF-8"?>
<testng-results skipped="0" failed="0" ignored="0" total="1" passed="1">
  <reporter-output>
  </reporter-output>
  <suite name="Default suite" duration-ms="17521" started-at="2019-12-27T17:49:24Z" finished-at="2019-12-27T17:49:41Z">
    <groups>
    </groups>
    <test name="Default test" duration-ms="17521" started-at="2019-12-27T17:49:24Z" finished-at="2019-12-27T17:49:41Z">
      <class name="com.flipkart.base.DriverCreation">
        <test-method status="PASS" signature="createDriver()[pri:0, instance:com.flipkart.base.DriverCreation@28feb3fa]" name="createDriver" duration-ms="17491" started-at="2019-12-27T23:19:24Z" finished-at="2019-12-27T23:19:41Z">
          <reporter-output>
          </reporter-output>
        </test-method> <!-- createDriver -->
      </class> <!-- com.flipkart.base.DriverCreation -->
    </test> <!-- Default test -->
  </suite> <!-- Default suite -->
</testng-results>
