<?xml version="1.0" encoding="UTF-8"?>
<!-- Generated by org.testng.reporters.JUnitXMLReporter -->
<testsuite hostname="DESKTOP-254N2F8" ignored="0" name="Test" tests="4" failures="0" timestamp="09 Feb 2020 18:10:24 GMT" time="30.408" errors="0">
  <testcase name="createDriver" time="13.98" classname="com.flipkart.base.ParallelClass"/>
  <testcase name="createDriver" time="16.041" classname="com.flipkart.base.DriverCreation"/>
  <testcase name="createDriver2" time="12.249" classname="com.flipkart.base.ParallelClass"/>
  <testcase name="createDriver2" time="14.334" classname="com.flipkart.base.DriverCreation"/>
</testsuite> <!-- Test -->
