<?xml version="1.0" encoding="UTF-8"?>
<!-- Generated by org.testng.reporters.JUnitXMLReporter -->
<testsuite hostname="DESKTOP-254N2F8" ignored="0" name="Test2" tests="4" failures="0" timestamp="09 Feb 2020 18:10:57 GMT" time="32.258" errors="0">
  <testcase name="createDriver" time="13.688" classname="com.flipkart.base.ParallelClass"/>
  <testcase name="createDriver" time="16.215" classname="com.flipkart.base.DriverCreation"/>
  <testcase name="createDriver2" time="13.296" classname="com.flipkart.base.ParallelClass"/>
  <testcase name="createDriver2" time="16.014" classname="com.flipkart.base.DriverCreation"/>
</testsuite> <!-- Test2 -->
